"../../../../../../lionel/Documents/GitHub/UnrealProjects/ToonTanks/Content/noun_missile_1942192.uasset" 0
"../../../../../../lionel/Documents/GitHub/UnrealProjects/ToonTanks/Content/Assets/Blueprints/PlayerControllers/MouseCursorController.uasset" 1
"../../../../../../lionel/Documents/GitHub/UnrealProjects/ToonTanks/Content/Assets/Blueprints/GameModes/MouseCursorGameMode.uasset" 2
"../../../../../../lionel/Documents/GitHub/UnrealProjects/ToonTanks/Content/Assets/Blueprints/General/BP_CameraShakeHit.uasset" 3
"../../../../../../lionel/Documents/GitHub/UnrealProjects/ToonTanks/Content/Assets/Audio/Thud_Audio.uasset" 4
"../../../../../../lionel/Documents/GitHub/UnrealProjects/ToonTanks/Content/Assets/Materials/M_ParticleBase.uasset" 5
"../../../../../../lionel/Documents/GitHub/UnrealProjects/ToonTanks/Content/Assets/Materials/M_Particle_Inst.uasset" 6
"../../../../../../lionel/Documents/GitHub/UnrealProjects/ToonTanks/Content/Assets/Meshes/SM_Sphere.uasset" 7
"../../../../../../lionel/Documents/GitHub/UnrealProjects/ToonTanks/Content/Assets/Effects/P_HitEffect.uasset" 8
"../../../../../../lionel/Documents/GitHub/UnrealProjects/ToonTanks/Content/Assets/Effects/P_ProjectileTrail.uasset" 9
"../../../../../../lionel/Documents/GitHub/UnrealProjects/ToonTanks/Content/Assets/Materials/M_EmissiveBase.uasset" 10
"../../../../../../lionel/Documents/GitHub/UnrealProjects/ToonTanks/Content/Assets/Materials/M_EmissiveRed_Inst.uasset" 11
"../../../../../../lionel/Documents/GitHub/UnrealProjects/ToonTanks/Content/Assets/Textures/T_ColourGrid.uasset" 12
"../../../../../../lionel/Documents/GitHub/UnrealProjects/ToonTanks/Content/Assets/Materials/M_TextureBase.uasset" 13
"../../../../../../lionel/Documents/GitHub/UnrealProjects/ToonTanks/Content/Assets/Materials/M_Texture_Inst.uasset" 14
"../../../../../../lionel/Documents/GitHub/UnrealProjects/ToonTanks/Content/Assets/Meshes/SM_Projectile.uasset" 15
"../../../../../../lionel/Documents/GitHub/UnrealProjects/ToonTanks/Content/Assets/Blueprints/Actors/BP_ProjectileBase.uasset" 16
"../../../../../../lionel/Documents/GitHub/UnrealProjects/ToonTanks/Content/Assets/Blueprints/General/BP_CameraShakeExplode.uasset" 17
"../../../../../../lionel/Documents/GitHub/UnrealProjects/ToonTanks/Content/Assets/Audio/Explode_Audio.uasset" 18
"../../../../../../lionel/Documents/GitHub/UnrealProjects/ToonTanks/Content/Assets/Effects/P_DeathEffect.uasset" 19
"../../../../../../lionel/Documents/GitHub/UnrealProjects/ToonTanks/Content/Assets/Materials/M_EmissiveGreen_Inst.uasset" 20
"../../../../../../lionel/Documents/GitHub/UnrealProjects/ToonTanks/Content/Assets/Meshes/SM_TankBase.uasset" 21
"../../../../../../lionel/Documents/GitHub/UnrealProjects/ToonTanks/Content/Assets/Meshes/SM_TankTurret.uasset" 22
"../../../../../../lionel/Documents/GitHub/UnrealProjects/ToonTanks/Content/Assets/Blueprints/Pawns/BP_PawnTank.uasset" 23
"../../../../../../lionel/Documents/GitHub/UnrealProjects/ToonTanks/Content/Assets/Blueprints/PlayerControllers/BP_PlayerController.uasset" 24
"../../../../../../lionel/Documents/GitHub/UnrealProjects/ToonTanks/Content/Assets/Blueprints/Widgets/WBP_GameEnd.uasset" 25
"../../../Engine/Content/EditorBlueprintResources/StandardMacros.uasset" 26
"../../../../../../lionel/Documents/GitHub/UnrealProjects/ToonTanks/Content/Assets/Blueprints/Widgets/WBP_GameStart.uasset" 27
"../../../../../../lionel/Documents/GitHub/UnrealProjects/ToonTanks/Content/Assets/Blueprints/GameModes/BP_TankGameMode.uasset" 28
"../../../Engine/Content/EditorMeshes/ColorCalibrator/T_ColorGrid.uasset" 29
"../../../../../../lionel/Documents/GitHub/UnrealProjects/ToonTanks/Content/StarterContent/Materials/M_ColorGrid_LowSpec.uasset" 30
"../../../../../../lionel/Documents/GitHub/UnrealProjects/ToonTanks/Content/StarterContent/Audio/Explosion_Cue.uasset" 31
"../../../../../../lionel/Documents/GitHub/UnrealProjects/ToonTanks/Content/StarterContent/Textures/T_Burst_M.uasset" 32
"../../../../../../lionel/Documents/GitHub/UnrealProjects/ToonTanks/Content/StarterContent/Particles/Materials/M_Burst.uasset" 33
"../../../../../../lionel/Documents/GitHub/UnrealProjects/ToonTanks/Content/StarterContent/Textures/T_Explosion_SubUV.uasset" 34
"../../../../../../lionel/Documents/GitHub/UnrealProjects/ToonTanks/Content/StarterContent/Particles/Materials/M_explosion_subUV.uasset" 35
"../../../../../../lionel/Documents/GitHub/UnrealProjects/ToonTanks/Content/StarterContent/Particles/Materials/m_flare_01.uasset" 36
"../../../Engine/Content/Functions/Engine_MaterialFunctions01/Gradient/RadialGradient.uasset" 37
"../../../../../../lionel/Documents/GitHub/UnrealProjects/ToonTanks/Content/StarterContent/Particles/Materials/M_radial_ramp.uasset" 38
"../../../../../../lionel/Documents/GitHub/UnrealProjects/ToonTanks/Content/StarterContent/Textures/T_Smoke_SubUV.uasset" 39
"../../../../../../lionel/Documents/GitHub/UnrealProjects/ToonTanks/Content/StarterContent/Textures/T_Smoke_Tiled_D.uasset" 40
"../../../../../../lionel/Documents/GitHub/UnrealProjects/ToonTanks/Content/StarterContent/Particles/Materials/M_smoke_subUV.uasset" 41
"../../../../../../lionel/Documents/GitHub/UnrealProjects/ToonTanks/Content/StarterContent/Particles/P_Explosion.uasset" 42
"../../../../../../lionel/Documents/GitHub/UnrealProjects/ToonTanks/Content/StarterContent/Blueprints/Blueprint_Effect_Explosion.uasset" 43
"../../../../../../lionel/Documents/GitHub/UnrealProjects/ToonTanks/Content/StarterContent/Materials/M_Glass.uasset" 44
"../../../../../../lionel/Documents/GitHub/UnrealProjects/ToonTanks/Content/StarterContent/Textures/T_Door_M.uasset" 45
"../../../../../../lionel/Documents/GitHub/UnrealProjects/ToonTanks/Content/StarterContent/Textures/T_Door_N.uasset" 46
"../../../../../../lionel/Documents/GitHub/UnrealProjects/ToonTanks/Content/StarterContent/Props/Materials/M_Door.uasset" 47
"../../../../../../lionel/Documents/GitHub/UnrealProjects/ToonTanks/Content/StarterContent/Props/SM_Door.uasset" 48
"../../../../../../lionel/Documents/GitHub/UnrealProjects/ToonTanks/Content/StarterContent/Props/Materials/M_MaterialSphere.uasset" 49
"../../../../../../lionel/Documents/GitHub/UnrealProjects/ToonTanks/Content/StarterContent/Props/Materials/M_MaterialSphere_Plain.uasset" 50
"../../../../../../lionel/Documents/GitHub/UnrealProjects/ToonTanks/Content/StarterContent/Props/SM_MatPreviewMesh_02.uasset" 51
"../../../../../../lionel/Documents/GitHub/UnrealProjects/ToonTanks/Content/StarterContent/Textures/T_Chair_M.uasset" 52
"../../../../../../lionel/Documents/GitHub/UnrealProjects/ToonTanks/Content/StarterContent/Textures/T_Chair_N.uasset" 53
"../../../../../../lionel/Documents/GitHub/UnrealProjects/ToonTanks/Content/StarterContent/Props/Materials/M_Chair.uasset" 54
"../../../../../../lionel/Documents/GitHub/UnrealProjects/ToonTanks/Content/StarterContent/Props/SM_Couch.uasset" 55
"../../../../../../lionel/Documents/GitHub/UnrealProjects/ToonTanks/Content/StarterContent/Textures/T_Shelf_M.uasset" 56
"../../../../../../lionel/Documents/GitHub/UnrealProjects/ToonTanks/Content/StarterContent/Textures/T_Shelf_N.uasset" 57
"../../../../../../lionel/Documents/GitHub/UnrealProjects/ToonTanks/Content/StarterContent/Props/Materials/M_Shelf.uasset" 58
"../../../../../../lionel/Documents/GitHub/UnrealProjects/ToonTanks/Content/StarterContent/Props/SM_Shelf.uasset" 59
"../../../Engine/Content/Functions/Engine_MaterialFunctions02/Utility/BlendAngleCorrectedNormals.uasset" 60
"../../../../../../lionel/Documents/GitHub/UnrealProjects/ToonTanks/Content/StarterContent/Textures/T_Detail_Rocky_N.uasset" 61
"../../../../../../lionel/Documents/GitHub/UnrealProjects/ToonTanks/Content/StarterContent/Textures/T_Rock_Basalt_D.uasset" 62
"../../../../../../lionel/Documents/GitHub/UnrealProjects/ToonTanks/Content/StarterContent/Textures/T_RockMesh_M.uasset" 63
"../../../../../../lionel/Documents/GitHub/UnrealProjects/ToonTanks/Content/StarterContent/Textures/T_RockMesh_N.uasset" 64
"../../../../../../lionel/Documents/GitHub/UnrealProjects/ToonTanks/Content/StarterContent/Props/Materials/M_Rock.uasset" 65
"../../../../../../lionel/Documents/GitHub/UnrealProjects/ToonTanks/Content/StarterContent/Props/SM_Rock.uasset" 66
"../../../../../../lionel/Documents/GitHub/UnrealProjects/ToonTanks/Content/StarterContent/Materials/M_Basic_Floor.uasset" 67
"../../../../../../lionel/Documents/GitHub/UnrealProjects/ToonTanks/Content/StarterContent/Materials/M_Basic_Wall.uasset" 68
"../../../../../../lionel/Documents/GitHub/UnrealProjects/ToonTanks/Content/StarterContent/Props/SM_Stairs.uasset" 69
"../../../../../../lionel/Documents/GitHub/UnrealProjects/ToonTanks/Content/StarterContent/Textures/T_Bush_D.uasset" 70
"../../../../../../lionel/Documents/GitHub/UnrealProjects/ToonTanks/Content/StarterContent/Textures/T_Bush_N.uasset" 71
"../../../../../../lionel/Documents/GitHub/UnrealProjects/ToonTanks/Content/StarterContent/Props/Materials/M_Bush.uasset" 72
"../../../../../../lionel/Documents/GitHub/UnrealProjects/ToonTanks/Content/StarterContent/Props/SM_Bush.uasset" 73
"../../../../../../lionel/Documents/GitHub/UnrealProjects/ToonTanks/Content/StarterContent/Shapes/Shape_Wedge_A.uasset" 74
"../../../../../../lionel/Documents/GitHub/UnrealProjects/ToonTanks/Content/StarterContent/Shapes/Shape_WideCapsule.uasset" 75
"../../../../../../lionel/Documents/GitHub/UnrealProjects/ToonTanks/Content/StarterContent/Shapes/Shape_Tube.uasset" 76
"../../../../../../lionel/Documents/GitHub/UnrealProjects/ToonTanks/Content/StarterContent/Shapes/Shape_Cylinder.uasset" 77
"../../../../../../lionel/Documents/GitHub/UnrealProjects/ToonTanks/Content/StarterContent/Shapes/Shape_TriPyramid.uasset" 78
"../../../../../../lionel/Documents/GitHub/UnrealProjects/ToonTanks/Content/StarterContent/Shapes/Shape_Trim.uasset" 79
"../../../../../../lionel/Documents/GitHub/UnrealProjects/ToonTanks/Content/StarterContent/Shapes/Shape_Plane.uasset" 80
"../../../../../../lionel/Documents/GitHub/UnrealProjects/ToonTanks/Content/StarterContent/Shapes/Shape_Trim_90_Out.uasset" 81
"../../../../../../lionel/Documents/GitHub/UnrealProjects/ToonTanks/Content/StarterContent/Shapes/Shape_Pipe_90.uasset" 82
"../../../../../../lionel/Documents/GitHub/UnrealProjects/ToonTanks/Content/StarterContent/Shapes/Shape_Pipe_180.uasset" 83
"../../../../../../lionel/Documents/GitHub/UnrealProjects/ToonTanks/Content/StarterContent/Shapes/Shape_Pipe.uasset" 84
"../../../../../../lionel/Documents/GitHub/UnrealProjects/ToonTanks/Content/StarterContent/Shapes/Shape_Cone.uasset" 85
"../../../../../../lionel/Documents/GitHub/UnrealProjects/ToonTanks/Content/StarterContent/Shapes/Shape_Wedge_B.uasset" 86
"../../../../../../lionel/Documents/GitHub/UnrealProjects/ToonTanks/Content/StarterContent/Shapes/Shape_NarrowCapsule.uasset" 87
"../../../../../../lionel/Documents/GitHub/UnrealProjects/ToonTanks/Content/StarterContent/Shapes/Shape_Trim_90_In.uasset" 88
"../../../../../../lionel/Documents/GitHub/UnrealProjects/ToonTanks/Content/StarterContent/Shapes/Shape_Torus.uasset" 89
"../../../../../../lionel/Documents/GitHub/UnrealProjects/ToonTanks/Content/StarterContent/Architecture/Wall_Door_400x400.uasset" 90
"../../../../../../lionel/Documents/GitHub/UnrealProjects/ToonTanks/Content/StarterContent/Architecture/Wall_400x400.uasset" 91
"../../../../../../lionel/Documents/GitHub/UnrealProjects/ToonTanks/Content/StarterContent/Architecture/Wall_500x500.uasset" 92
"../../../../../../lionel/Documents/GitHub/UnrealProjects/ToonTanks/Content/StarterContent/Architecture/Pillar_50x500.uasset" 93
"../../../../../../lionel/Documents/GitHub/UnrealProjects/ToonTanks/Content/StarterContent/Architecture/Wall_400x300.uasset" 94
"../../../../../../lionel/Documents/GitHub/UnrealProjects/ToonTanks/Content/StarterContent/Architecture/Wall_Window_400x400.uasset" 95
"../../../../../../lionel/Documents/GitHub/UnrealProjects/ToonTanks/Content/StarterContent/Audio/Explosion02.uasset" 96
"../../../../../../lionel/Documents/GitHub/UnrealProjects/ToonTanks/Content/StarterContent/Audio/Starter_Wind06.uasset" 97
"../../../../../../lionel/Documents/GitHub/UnrealProjects/ToonTanks/Content/StarterContent/Audio/Starter_Birds01.uasset" 98
"../../../../../../lionel/Documents/GitHub/UnrealProjects/ToonTanks/Content/StarterContent/Audio/Fire_Sparks01.uasset" 99
"../../../../../../lionel/Documents/GitHub/UnrealProjects/ToonTanks/Content/StarterContent/Audio/Smoke01.uasset" 100
"../../../../../../lionel/Documents/GitHub/UnrealProjects/ToonTanks/Content/StarterContent/Audio/Collapse01.uasset" 101
"../../../../../../lionel/Documents/GitHub/UnrealProjects/ToonTanks/Content/StarterContent/Audio/Light02.uasset" 102
"../../../../../../lionel/Documents/GitHub/UnrealProjects/ToonTanks/Content/StarterContent/Audio/Light02_Cue.uasset" 103
"../../../../../../lionel/Documents/GitHub/UnrealProjects/ToonTanks/Content/StarterContent/Audio/Fire01.uasset" 104
"../../../../../../lionel/Documents/GitHub/UnrealProjects/ToonTanks/Content/StarterContent/Audio/Light01_Cue.uasset" 105
"../../../../../../lionel/Documents/GitHub/UnrealProjects/ToonTanks/Content/StarterContent/Audio/Starter_Wind05.uasset" 106
"../../../../../../lionel/Documents/GitHub/UnrealProjects/ToonTanks/Content/StarterContent/Audio/Steam01.uasset" 107
"../../../../../../lionel/Documents/GitHub/UnrealProjects/ToonTanks/Content/StarterContent/Audio/Starter_Music01.uasset" 108
"../../../../../../lionel/Documents/GitHub/UnrealProjects/ToonTanks/Content/StarterContent/Audio/Explosion01.uasset" 109
"../../../../../../lionel/Documents/GitHub/UnrealProjects/ToonTanks/Content/StarterContent/Audio/Light01.uasset" 110
"../../../../../../lionel/Documents/GitHub/UnrealProjects/ToonTanks/Content/StarterContent/Audio/Collapse02.uasset" 111
"../../../Engine/Content/Maps/Templates/Thumbnails/Default.uasset" 112
"../../../Engine/Content/Maps/Templates/Thumbnails/TimeOfDay.uasset" 113
"../../../Engine/Content/Maps/Templates/Thumbnails/VR-Basic.uasset" 114
"../../../Engine/Content/MobileResources/T_MobileControls_texture.uasset" 115
"../../../Engine/Content/MobileResources/T_MobileMenu2.uasset" 116
"../../../Engine/Content/MobileResources/HUD/MobileHUDDirectionPad3.uasset" 117
"../../../Engine/Content/MobileResources/HUD/MobileHUDButton2_off.uasset" 118
"../../../Engine/Content/MobileResources/HUD/MobileHUDButton3.uasset" 119
"../../../Engine/Content/MobileResources/HUD/T_Castle_ThumbstickInner.uasset" 120
"../../../Engine/Content/MobileResources/HUD/MobileHUDDirectionStick.uasset" 121
"../../../Engine/Content/MobileResources/HUD/VirtualJoystick_Background.uasset" 122
"../../../Engine/Content/MobileResources/HUD/VirtualJoystick_Thumb.uasset" 123
"../../../Engine/Content/MobileResources/HUD/DefaultVirtualJoysticks.uasset" 124
"../../../Engine/Content/MobileResources/HUD/T_Castle_ThumbstickOutter.uasset" 125
"../../../Engine/Content/MobileResources/HUD/MobileHUDButton2_on.uasset" 126
"../../../Engine/Content/MobileResources/HUD/MobileHUDDirectionPad2.uasset" 127
"../../../Engine/Content/MobileResources/HUD/MobileHUDDirectionPad.uasset" 128
"../../../Engine/Content/MobileResources/HUD/AnalogHat.uasset" 129
"../../../Engine/Content/MobileResources/HUD/MobileHUDButton1_on.uasset" 130
"../../../Engine/Content/MobileResources/HUD/MobileHUDButtonFire.uasset" 131
"../../../Engine/Content/MobileResources/HUD/LeftVirtualJoystickOnly.uasset" 132
"../../../Engine/Content/MobileResources/HUD/MobileHUDButton1_off.uasset" 133
"../../../Engine/Content/Tutorial/ContentIntroCurve.uasset" 134
"../../../Engine/Content/Tutorial/Basics/TutorialAssets/icon_tab_Levels_40x.uasset" 135
"../../../Engine/Content/Tutorial/Basics/LevelEditorOverview.uasset" 136
"../../../Engine/Content/Tutorial/Basics/LevelEditorAttract.uasset" 137
"../../../Engine/Content/Tutorial/BlueprintTutorials/TutorialAssets/Blueprint_64x.uasset" 138
"../../../Engine/Content/Tutorial/BlueprintTutorials/BlueprintEditorTutorial.uasset" 139
"../../../Engine/Content/EngineResources/DefaultTextureCube.uasset" 140
"../../../Engine/Content/EngineResources/DefaultTexture.uasset" 141
"../../../Engine/Content/EngineResources/Black.uasset" 142
"../../../Engine/Content/EngineResources/DefaultVolumeTexture2D.uasset" 143
"../../../Engine/Content/EngineResources/DefaultVolumeTexture.uasset" 144
"../../../Engine/Content/EngineResources/GradientTexture0.uasset" 145
"../../../Engine/Content/EditorLandscapeResources/DataLayer.uasset" 146
"../../../Engine/Content/EditorSounds/Notifications/CompileSuccess.uasset" 147
"../../../Engine/Content/EditorSounds/Notifications/CompileSuccess_Cue.uasset" 148
"../../../Engine/Content/EditorSounds/Notifications/CompileFailed.uasset" 149
"../../../Engine/Content/EditorSounds/Notifications/CompileFailed_Cue.uasset" 150
"../../../Engine/Content/EditorSounds/Notifications/CompileStart_Cue.uasset" 151
"../../../Engine/Content/EditorMaterials/Camera/CineMat.uasset" 152
"../../../Engine/Content/EditorMaterials/Camera/MI_CineMat_Rig.uasset" 153
"../../../Engine/Content/EditorMeshes/Camera/SM_CraneRig_Body.uasset" 154
"../../../Engine/Content/EditorMeshes/Camera/SM_RailRig_Mount.uasset" 155
"../../../Engine/Content/EditorMeshes/Camera/SM_CraneRig_Base.uasset" 156
"../../../Engine/Content/EditorMeshes/Camera/SM_CraneRig_Mount.uasset" 157
"../../../Engine/Content/EditorMeshes/Camera/SM_CraneRig_Arm.uasset" 158
"../../../Engine/Content/EditorMeshes/Camera/SM_RailRig_Track.uasset" 159
"../../../Engine/Content/EngineFonts/Faces/DroidSansFallback.uasset" 160
"../../../Engine/Content/EngineFonts/Faces/RobotoBold.uasset" 161
"../../../Engine/Content/EngineFonts/Faces/RobotoBoldItalic.uasset" 162
"../../../Engine/Content/EngineFonts/Faces/RobotoItalic.uasset" 163
"../../../Engine/Content/EngineFonts/Faces/RobotoLight.uasset" 164
"../../../Engine/Content/EngineFonts/Faces/RobotoRegular.uasset" 165
"../../../Engine/Content/EngineFonts/Roboto.uasset" 166
"../../../Engine/Content/EngineDamageTypes/DmgTypeBP_Environmental.uasset" 167
"../../../Engine/Content/Functions/Engine_MaterialFunctions01/Opacity/CameraDepthFade.uasset" 168
"../../../Engine/Content/EngineMaterials/T_Default_Material_Grid_M.uasset" 169
"../../../Engine/Content/EngineMaterials/T_Default_Material_Grid_N.uasset" 170
"../../../Engine/Content/EngineMaterials/WorldGridMaterial.uasset" 171
"../../../Engine/Content/ArtTools/RenderToTexture/Meshes/S_1_Unit_Plane.uasset" 172
"../../../Engine/Content/Animation/DefaultAnimCurveCompressionSettings.uasset" 173
"../../../Engine/Content/EngineResources/WhiteSquareTexture.uasset" 174
"../../../Engine/Content/EngineMaterials/Widget3DPassThrough.uasset" 175
"../../../Engine/Content/EngineMaterials/Widget3DPassThrough_Masked.uasset" 176
"../../../Engine/Content/EngineMaterials/WeightMapPlaceholderTexture.uasset" 177
"../../../Engine/Content/EngineMaterials/Widget3DPassThrough_Translucent.uasset" 178
"../../../Engine/Content/EngineMaterials/Widget3DPassThrough_Translucent_OneSided.uasset" 179
"../../../Engine/Content/Functions/Engine_MaterialFunctions02/WorldPositionOffset/CameraOffset.uasset" 180
"../../../Engine/Content/EngineMaterials/PhAT_JointLimitMaterial.uasset" 181
"../../../Engine/Content/EngineMaterials/GizmoMaterial.uasset" 182
"../../../Engine/Content/EngineMaterials/BlueNoise.uasset" 183
"../../../Engine/Content/EngineMaterials/DefaultWhiteGrid_Low.uasset" 184
"../../../Engine/Content/EngineMaterials/EmissiveMeshMaterial.uasset" 185
"../../../Engine/Content/EngineMaterials/Widget3DPassThrough_Opaque.uasset" 186
"../../../Engine/Content/EngineMaterials/Widget3DPassThrough_Masked_OneSided.uasset" 187
"../../../Engine/Content/EngineMaterials/Good64x64TilingNoiseHighFreq.uasset" 188
"../../../Engine/Content/EngineMaterials/DefaultBloomKernel.uasset" 189
"../../../Engine/Content/EngineMaterials/RemoveSurfaceMaterial.uasset" 190
"../../../Engine/Content/EngineMaterials/DefaultDiffuse.uasset" 191
"../../../Engine/Content/EngineMaterials/DefaultDeferredDecalMaterial.uasset" 192
"../../../Engine/Content/Functions/Engine_MaterialFunctions02/Utility/BreakOutFloat2Components.uasset" 193
"../../../Engine/Content/EngineMaterials/DefaultPostProcessMaterial.uasset" 194
"../../../Engine/Content/EngineMaterials/DefaultPhysicalMaterial.uasset" 195
"../../../Engine/Content/EngineMaterials/BaseFlattenDiffuseMap.uasset" 196
"../../../Engine/Content/EngineMaterials/BaseFlattenEmissiveMap.uasset" 197
"../../../Engine/Content/EngineMaterials/BaseFlattenGrayscaleMap.uasset" 198
"../../../Engine/Content/EngineMaterials/BaseFlattenNormalMap.uasset" 199
"../../../Engine/Content/EngineMaterials/BaseFlattenMaterial.uasset" 200
"../../../Engine/Content/EngineMaterials/InvalidLightmapSettings.uasset" 201
"../../../Engine/Content/EngineMaterials/M_InvalidLightmapSettings.uasset" 202
"../../../Engine/Content/EngineFonts/RobotoDistanceField.uasset" 203
"../../../Engine/Content/EngineMaterials/DefaultTextMaterialOpaque.uasset" 204
"../../../Engine/Content/EngineMaterials/PreintegratedSkinBRDF.uasset" 205
"../../../Engine/Content/EngineMaterials/Widget3DPassThrough_Opaque_OneSided.uasset" 206
"../../../Engine/Content/EngineMaterials/DefaultBokeh.uasset" 207
"../../../Engine/Content/EngineMaterials/DefaultLightFunctionMaterial.uasset" 208
"../../../Engine/Content/EngineMaterials/MiniFont.uasset" 209
"../../../Engine/Content/EngineMaterials/DefaultWhiteGrid.uasset" 210
"../../../Engine/Content/EngineDebugMaterials/DebugEditorMaterial.uasset" 211
"../../../Engine/Content/EngineDebugMaterials/WireframeMaterial.uasset" 212
"../../../Engine/Content/Functions/Engine_MaterialFunctions02/Utility/CameraDirectionVector.uasset" 213
"../../../Engine/Content/EngineDebugMaterials/VolumeToRender.uasset" 214
"../../../Engine/Content/EngineDebugMaterials/M_VolumeRenderSphereTracePP.uasset" 215
"../../../Engine/Content/EngineDebugMaterials/M_SimpleUnlitTranslucent.uasset" 216
"../../../Engine/Content/EngineDebugMaterials/DebugMeshMaterial.uasset" 217
"../../../Engine/Content/EditorResources/S_Note.uasset" 218
"../../../Engine/Content/EditorResources/S_Solver.uasset" 219
"../../../Engine/Content/EditorResources/S_Trigger.uasset" 220
"../../../Engine/Content/EditorResources/S_Actor.uasset" 221
"../../../Engine/Content/EditorResources/EmptyActor.uasset" 222
"../../../Engine/Content/EditorResources/BSPVertex.uasset" 223
"../../../Engine/Content/EditorResources/SequenceRecorder/Countdown.uasset" 224
"../../../Engine/Content/EditorResources/SequenceRecorder/RecordingIndicator.uasset" 225
"../../../Engine/Content/EditorResources/AudioIcons/S_AudioComponent_AutoActivate.uasset" 226
"../../../Engine/Content/EditorResources/AudioIcons/S_AudioComponent.uasset" 227
"../../../Engine/Content/EditorResources/LightIcons/S_LightError.uasset" 228
"../../../Engine/Content/EngineMaterials/DefaultMaterial.uasset" 229
"../../../Engine/Content/BasicShapes/Cone.uasset" 230
"../../../Engine/Content/BasicShapes/Cylinder.uasset" 231
"../../../Engine/Content/BasicShapes/Plane.uasset" 232
"../../../Engine/Content/BasicShapes/Sphere.uasset" 233
"../../../Engine/Content/Functions/Engine_MaterialFunctions01/Shading/ConvertFromDiffSpec.uasset" 234
"../../../Engine/Content/Functions/Engine_MaterialFunctions01/Shading/PowerToRoughness.uasset" 235
"../../../Engine/Content/EditorMaterials/PreviewShadowIndicator.uasset" 236
"../../../Engine/Content/EditorMaterials/PreviewShadowIndicatorMaterial.uasset" 237
"../../../Engine/Content/EditorMaterials/MAT_Groups_Toggle.uasset" 238
"../../../Engine/Content/EditorMaterials/MAT_Groups_Visibility.uasset" 239
"../../../Engine/Content/EditorMaterials/ParticleSystems/PSysThumbnail_NoImage.uasset" 240
"../../../Engine/Content/EditorMaterials/ParticleSystems/PSysThumbnail_OOD.uasset" 241
"../../../Engine/Content/EditorMaterials/MatineeGroups/MAT_Groups_Vector.uasset" 242
"../../../Engine/Content/EditorMaterials/MatineeGroups/MAT_ColorTrack.uasset" 243
"../../../Engine/Content/EditorMaterials/MatineeGroups/MAT_Groups_AudioMaster.uasset" 244
"../../../Engine/Content/EditorMaterials/MatineeGroups/MAT_Groups_Sound.uasset" 245
"../../../Engine/Content/EditorMaterials/MatineeGroups/MAT_Groups_Float.uasset" 246
"../../../Engine/Content/EditorMaterials/MatineeGroups/MAT_Groups_Director.uasset" 247
"../../../Engine/Content/EditorMaterials/MatineeGroups/MAT_Groups_Move.uasset" 248
"../../../Engine/Content/EditorMaterials/MatineeGroups/MAT_Groups_Event.uasset" 249
"../../../Engine/Content/EditorMaterials/MatineeGroups/MAT_Groups_Fade.uasset" 250
"../../../Engine/Content/EditorMaterials/MatineeGroups/MAT_Groups_Anim.uasset" 251
"../../../Engine/Content/EditorMaterials/MatineeGroups/MAT_Groups_Slomo.uasset" 252
"../../../Engine/Content/EngineSounds/Master.uasset" 253
"../../../Engine/Content/EngineMeshes/Cylinder.uasset" 254
"../../../Engine/Content/EngineMeshes/Sphere.uasset" 255
"../../../Engine/Content/VREditor/LaserPointer/VR_LaserPower_01.uasset" 256
"../../../Engine/Content/VREditor/TransformGizmo/TransformGizmoMaterial.uasset" 257
"../../../Engine/Content/VREditor/TransformGizmo/TranslucentTransformGizmoMaterial.uasset" 258
"../../../Engine/Content/VREditor/TransformGizmo/PlaneTranslationHandle.uasset" 259
"../../../Engine/Content/VREditor/TransformGizmo/Main.uasset" 260
"../../../Engine/Content/VREditor/TransformGizmo/Xray.uasset" 261
"../../../Engine/Content/VREditor/TransformGizmo/SM_Sequencer_Key.uasset" 262
"../../../Engine/Content/VREditor/TransformGizmo/BoundingBoxCorner.uasset" 263
"../../../Engine/Content/VREditor/TransformGizmo/SM_Sequencer_Node.uasset" 264
"../../../Engine/Content/VREditor/TransformGizmo/BoundingBoxEdge.uasset" 265
"../../Plugins/FX/Niagara/Content/Enums/ENiagaraExpansionMode.uasset" 266
"../../Plugins/FX/Niagara/Content/Enums/ENiagaraBooleanLogicOps.uasset" 267
"../../Plugins/FX/Niagara/Content/Enums/ENiagaraOrientationAxis.uasset" 268
"../../Plugins/FX/Niagara/Content/Enums/ENiagaraRandomnessMode.uasset" 269
"../../Plugins/FX/Niagara/Content/Enums/ENiagaraCoordinateSpace.uasset" 270
"../../Plugins/2D/Paper2D/Content/PlaceholderTextures/DummySpriteTexture.uasset" 271
"../../Plugins/2D/Paper2D/Content/DefaultSpriteMaterial.uasset" 272
"../../Plugins/2D/Paper2D/Content/OpaqueUnlitSpriteMaterial.uasset" 273
"../../Plugins/2D/Paper2D/Content/DummySprite.uasset" 274
"../../Plugins/2D/Paper2D/Content/DefaultPaperTerrainMaterial.uasset" 275
"../../Plugins/2D/Paper2D/Content/MaskedUnlitSpriteMaterial.uasset" 276
"../../../Engine/Content/EngineSky/C_Sky_Cloud_Color.uasset" 277
"../../../Engine/Content/EngineSky/C_Sky_Horizon_Color.uasset" 278
"../../../Engine/Content/EngineSky/C_Sky_Zenith_Color.uasset" 279
"../../../Engine/Content/EngineSky/T_Sky_Blue.uasset" 280
"../../../Engine/Content/EngineSky/T_Sky_Clouds_M.uasset" 281
"../../../Engine/Content/EngineSky/T_Sky_Stars.uasset" 282
"../../../Engine/Content/EngineSky/M_Sky_Panning_Clouds2.uasset" 283
"../../../Engine/Content/EngineSky/SM_SkySphere.uasset" 284
"../../../Engine/Content/EngineSky/BP_Sky_Sphere.uasset" 285
"../../../../../../lionel/Documents/GitHub/UnrealProjects/ToonTanks/Content/Assets/Meshes/SM_TowerBase.uasset" 286
"../../../../../../lionel/Documents/GitHub/UnrealProjects/ToonTanks/Content/Assets/Meshes/SM_TowerTurret.uasset" 287
"../../../../../../lionel/Documents/GitHub/UnrealProjects/ToonTanks/Content/Assets/Blueprints/Pawns/BP_PawnTurret.uasset" 288
"../../../../../../lionel/Documents/GitHub/UnrealProjects/ToonTanks/Content/Maps/Main_BuiltData.uasset" 289
"../../../Engine/Content/Functions/Engine_MaterialFunctions02/Utility/BreakOutFloat3Components.uasset" 290
"../../../Engine/Content/Functions/Engine_MaterialFunctions02/Utility/MakeFloat3.uasset" 291
"../../../Engine/Content/Functions/Engine_MaterialFunctions02/Utility/Sign.uasset" 292
"../../../Engine/Content/Functions/Engine_MaterialFunctions02/Utility/Round.uasset" 293
"../../../Engine/Content/Functions/Engine_MaterialFunctions02/Utility/VectorLength.uasset" 294
"../../../Engine/Content/Functions/Engine_MaterialFunctions02/WorldPositionOffset/ObjectScale.uasset" 295
"../../../../../../lionel/Documents/GitHub/UnrealProjects/ToonTanks/Content/Assets/Materials/Functions/Basic/BreakSet.uasset" 296
"../../../../../../lionel/Documents/GitHub/UnrealProjects/ToonTanks/Content/Assets/Materials/Functions/Basic/MakeSet.uasset" 297
"../../../../../../lionel/Documents/GitHub/UnrealProjects/ToonTanks/Content/Assets/Materials/Functions/Texture/Dye_SingleColor.uasset" 298
"../../../../../../lionel/Documents/GitHub/UnrealProjects/ToonTanks/Content/Assets/Textures/T_BasicGrid_M.uasset" 299
"../../../../../../lionel/Documents/GitHub/UnrealProjects/ToonTanks/Content/Assets/Materials/Functions/Texture/Tex_SimpleGrid.uasset" 300
"../../../../../../lionel/Documents/GitHub/UnrealProjects/ToonTanks/Content/Assets/Materials/Functions/UV/UV_ObjectScalable.uasset" 301
"../../../../../../lionel/Documents/GitHub/UnrealProjects/ToonTanks/Content/Assets/Materials/Functions/UV/UV_SetupGrid.uasset" 302
"../../../../../../lionel/Documents/GitHub/UnrealProjects/ToonTanks/Content/Assets/Textures/T_BasicGrid_N.uasset" 303
"../../../../../../lionel/Documents/GitHub/UnrealProjects/ToonTanks/Content/Assets/Materials/Base/M_GridBase.uasset" 304
"../../../../../../lionel/Documents/GitHub/UnrealProjects/ToonTanks/Content/Assets/Materials/Base/M_Grid_Inst.uasset" 305
"../../../Engine/Content/BasicShapes/Cube.uasset" 306
"../../../Engine/Content/MapTemplates/SM_Template_Map_Floor.uasset" 307
"../../../../../../lionel/Documents/GitHub/UnrealProjects/ToonTanks/Content/Maps/Main.umap" 308
"../../../../../../lionel/Documents/GitHub/UnrealProjects/ToonTanks/Content/StarterContent/Blueprints/Assets/FogBrightnessLUT.uasset" 309
"../../../../../../lionel/Documents/GitHub/UnrealProjects/ToonTanks/Content/StarterContent/Blueprints/Assets/SunlightColorLUT.uasset" 310
"../../../../../../lionel/Documents/GitHub/UnrealProjects/ToonTanks/Content/StarterContent/Blueprints/Assets/M_LightStage_Arrows.uasset" 311
"../../../Engine/Content/MapTemplates/Sky/DaylightAmbientCubemap.uasset" 312
"../../../../../../lionel/Documents/GitHub/UnrealProjects/ToonTanks/Content/StarterContent/Blueprints/Assets/M_LightStage_Skybox_Master.uasset" 313
"../../../../../../lionel/Documents/GitHub/UnrealProjects/ToonTanks/Content/StarterContent/Blueprints/Assets/M_LightStage_Skybox_Black.uasset" 314
"../../../../../../lionel/Documents/GitHub/UnrealProjects/ToonTanks/Content/StarterContent/Blueprints/Assets/M_LightStage_Skybox_HDRI.uasset" 315
"../../../Engine/Content/EditorMaterials/Thumbnails/SkySphereMaterial.uasset" 316
"../../../../../../lionel/Documents/GitHub/UnrealProjects/ToonTanks/Content/StarterContent/Blueprints/Assets/Skybox.uasset" 317
"../../../../../../lionel/Documents/GitHub/UnrealProjects/ToonTanks/Content/StarterContent/Blueprints/Assets/SM_Arrows.uasset" 318
"../../../../../../lionel/Documents/GitHub/UnrealProjects/ToonTanks/Content/StarterContent/HDRI/HDRI_Epic_Courtyard_Daylight.uasset" 319
"../../../../../../lionel/Documents/GitHub/UnrealProjects/ToonTanks/Content/StarterContent/Blueprints/BP_LightStudio.uasset" 320
"../../../../../../lionel/Documents/GitHub/UnrealProjects/ToonTanks/Content/StarterContent/Maps/Advanced_Lighting_BuiltData.uasset" 321
"../../../../../../lionel/Documents/GitHub/UnrealProjects/ToonTanks/Content/StarterContent/Materials/M_AssetPlatform.uasset" 322
"../../../Engine/Content/EditorMeshes/ColorCalibrator/M_ChromeBall.uasset" 323
"../../../Engine/Content/EditorMeshes/ColorCalibrator/M_ClearCoat.uasset" 324
"../../../Engine/Content/EditorMeshes/ColorCalibrator/M_ClearCoatBlack.uasset" 325
"../../../Engine/Content/EditorMeshes/ColorCalibrator/Color_checker.uasset" 326
"../../../Engine/Content/EditorMeshes/ColorCalibrator/M_ColorGrid.uasset" 327
"../../../Engine/Content/EditorMeshes/ColorCalibrator/M_GreyBall.uasset" 328
"../../../Engine/Content/EditorMeshes/ColorCalibrator/SM_ColorCalibrator.uasset" 329
"../../../../../../lionel/Documents/GitHub/UnrealProjects/ToonTanks/Content/StarterContent/Architecture/SM_AssetPlatform.uasset" 330
"../../../../../../lionel/Documents/GitHub/UnrealProjects/ToonTanks/Content/StarterContent/Maps/Advanced_Lighting.umap" 331
"../../../../../../lionel/Documents/GitHub/UnrealProjects/ToonTanks/Content/StarterContent/Audio/Fire01_Cue.uasset" 332
"../../../../../../lionel/Documents/GitHub/UnrealProjects/ToonTanks/Content/StarterContent/Textures/T_Fire_SubUV.uasset" 333
"../../../../../../lionel/Documents/GitHub/UnrealProjects/ToonTanks/Content/StarterContent/Textures/T_Fire_Tiled_D.uasset" 334
"../../../../../../lionel/Documents/GitHub/UnrealProjects/ToonTanks/Content/StarterContent/Particles/Materials/M_Fire_SubUV.uasset" 335
"../../../../../../lionel/Documents/GitHub/UnrealProjects/ToonTanks/Content/StarterContent/Textures/T_Water_N.uasset" 336
"../../../../../../lionel/Documents/GitHub/UnrealProjects/ToonTanks/Content/StarterContent/Particles/Materials/M_Heat_Distortion.uasset" 337
"../../../../../../lionel/Documents/GitHub/UnrealProjects/ToonTanks/Content/StarterContent/Particles/Materials/M_Radial_Gradient.uasset" 338
"../../../../../../lionel/Documents/GitHub/UnrealProjects/ToonTanks/Content/StarterContent/Particles/P_Fire.uasset" 339
"../../../../../../lionel/Documents/GitHub/UnrealProjects/ToonTanks/Content/StarterContent/Blueprints/Blueprint_Effect_Fire.uasset" 340
"../../../../../../lionel/Documents/GitHub/UnrealProjects/ToonTanks/Content/StarterContent/Audio/Smoke01_Cue.uasset" 341
"../../../../../../lionel/Documents/GitHub/UnrealProjects/ToonTanks/Content/StarterContent/Particles/P_Smoke.uasset" 342
"../../../../../../lionel/Documents/GitHub/UnrealProjects/ToonTanks/Content/StarterContent/Blueprints/Blueprint_Effect_Smoke.uasset" 343
"../../../../../../lionel/Documents/GitHub/UnrealProjects/ToonTanks/Content/StarterContent/Audio/Fire_Sparks01_Cue.uasset" 344
"../../../../../../lionel/Documents/GitHub/UnrealProjects/ToonTanks/Content/StarterContent/Textures/T_Spark_Core.uasset" 345
"../../../../../../lionel/Documents/GitHub/UnrealProjects/ToonTanks/Content/StarterContent/Particles/Materials/M_Spark.uasset" 346
"../../../../../../lionel/Documents/GitHub/UnrealProjects/ToonTanks/Content/StarterContent/Particles/P_Sparks.uasset" 347
"../../../../../../lionel/Documents/GitHub/UnrealProjects/ToonTanks/Content/StarterContent/Blueprints/Blueprint_Effect_Sparks.uasset" 348
"../../../../../../lionel/Documents/GitHub/UnrealProjects/ToonTanks/Content/StarterContent/Audio/Steam01_Cue.uasset" 349
"../../../../../../lionel/Documents/GitHub/UnrealProjects/ToonTanks/Content/StarterContent/Particles/P_Steam_Lit.uasset" 350
"../../../../../../lionel/Documents/GitHub/UnrealProjects/ToonTanks/Content/StarterContent/Blueprints/Blueprint_Effect_Steam.uasset" 351
"../../../../../../lionel/Documents/GitHub/UnrealProjects/ToonTanks/Content/StarterContent/Textures/T_Lamp_M.uasset" 352
"../../../../../../lionel/Documents/GitHub/UnrealProjects/ToonTanks/Content/StarterContent/Textures/T_Lamp_N.uasset" 353
"../../../../../../lionel/Documents/GitHub/UnrealProjects/ToonTanks/Content/StarterContent/Props/Materials/M_Lamp.uasset" 354
"../../../../../../lionel/Documents/GitHub/UnrealProjects/ToonTanks/Content/StarterContent/Props/SM_Lamp_Ceiling.uasset" 355
"../../../../../../lionel/Documents/GitHub/UnrealProjects/ToonTanks/Content/StarterContent/Blueprints/Blueprint_CeilingLight.uasset" 356
"../../../../../../lionel/Documents/GitHub/UnrealProjects/ToonTanks/Content/StarterContent/Props/SM_Lamp_Wall.uasset" 357
"../../../../../../lionel/Documents/GitHub/UnrealProjects/ToonTanks/Content/StarterContent/Blueprints/Blueprint_WallSconce.uasset" 358
"../../../../../../lionel/Documents/GitHub/UnrealProjects/ToonTanks/Content/StarterContent/Maps/StarterMap_BuiltData.uasset" 359
"../../../Engine/Content/Functions/Engine_MaterialFunctions03/Procedurals/ComputeFilterWidth.uasset" 360
"../../../Engine/Content/EngineMaterials/AntiAliasedTextMaterialTranslucent.uasset" 361
"../../../../../../lionel/Documents/GitHub/UnrealProjects/ToonTanks/Content/StarterContent/Textures/T_Brick_Clay_Beveled_D.uasset" 362
"../../../../../../lionel/Documents/GitHub/UnrealProjects/ToonTanks/Content/StarterContent/Textures/T_Brick_Clay_Beveled_M.uasset" 363
"../../../../../../lionel/Documents/GitHub/UnrealProjects/ToonTanks/Content/StarterContent/Textures/T_Brick_Clay_Beveled_N.uasset" 364
"../../../../../../lionel/Documents/GitHub/UnrealProjects/ToonTanks/Content/StarterContent/Textures/T_MacroVariation.uasset" 365
"../../../../../../lionel/Documents/GitHub/UnrealProjects/ToonTanks/Content/StarterContent/Materials/M_Brick_Clay_Beveled.uasset" 366
"../../../../../../lionel/Documents/GitHub/UnrealProjects/ToonTanks/Content/StarterContent/Textures/T_Brick_Clay_New_D.uasset" 367
"../../../../../../lionel/Documents/GitHub/UnrealProjects/ToonTanks/Content/StarterContent/Textures/T_Brick_Clay_New_M.uasset" 368
"../../../../../../lionel/Documents/GitHub/UnrealProjects/ToonTanks/Content/StarterContent/Textures/T_Brick_Clay_New_N.uasset" 369
"../../../../../../lionel/Documents/GitHub/UnrealProjects/ToonTanks/Content/StarterContent/Materials/M_Brick_Clay_New.uasset" 370
"../../../../../../lionel/Documents/GitHub/UnrealProjects/ToonTanks/Content/StarterContent/Textures/T_Brick_Clay_Old_D.uasset" 371
"../../../../../../lionel/Documents/GitHub/UnrealProjects/ToonTanks/Content/StarterContent/Textures/T_Brick_Clay_Old_N.uasset" 372
"../../../../../../lionel/Documents/GitHub/UnrealProjects/ToonTanks/Content/StarterContent/Textures/T_Perlin_Noise_M.uasset" 373
"../../../../../../lionel/Documents/GitHub/UnrealProjects/ToonTanks/Content/StarterContent/Materials/M_Brick_Clay_Old.uasset" 374
"../../../../../../lionel/Documents/GitHub/UnrealProjects/ToonTanks/Content/StarterContent/Textures/T_Brick_Cut_Stone_D.uasset" 375
"../../../../../../lionel/Documents/GitHub/UnrealProjects/ToonTanks/Content/StarterContent/Textures/T_Brick_Cut_Stone_N.uasset" 376
"../../../../../../lionel/Documents/GitHub/UnrealProjects/ToonTanks/Content/StarterContent/Materials/M_Brick_Cut_Stone.uasset" 377
"../../../../../../lionel/Documents/GitHub/UnrealProjects/ToonTanks/Content/StarterContent/Textures/T_Brick_Hewn_Stone_D.uasset" 378
"../../../../../../lionel/Documents/GitHub/UnrealProjects/ToonTanks/Content/StarterContent/Textures/T_Brick_Hewn_Stone_M.uasset" 379
"../../../../../../lionel/Documents/GitHub/UnrealProjects/ToonTanks/Content/StarterContent/Textures/T_Brick_Hewn_Stone_N.uasset" 380
"../../../../../../lionel/Documents/GitHub/UnrealProjects/ToonTanks/Content/StarterContent/Materials/M_Brick_Hewn_Stone.uasset" 381
"../../../../../../lionel/Documents/GitHub/UnrealProjects/ToonTanks/Content/StarterContent/Textures/T_Ceramic_Tile_M.uasset" 382
"../../../../../../lionel/Documents/GitHub/UnrealProjects/ToonTanks/Content/StarterContent/Textures/T_Ceramic_Tile_N.uasset" 383
"../../../../../../lionel/Documents/GitHub/UnrealProjects/ToonTanks/Content/StarterContent/Textures/T_Rock_Marble_Polished_D.uasset" 384
"../../../../../../lionel/Documents/GitHub/UnrealProjects/ToonTanks/Content/StarterContent/Materials/M_Ceramic_Tile_Checker.uasset" 385
"../../../../../../lionel/Documents/GitHub/UnrealProjects/ToonTanks/Content/StarterContent/Textures/T_CobbleStone_Pebble_D.uasset" 386
"../../../../../../lionel/Documents/GitHub/UnrealProjects/ToonTanks/Content/StarterContent/Textures/T_CobbleStone_Pebble_M.uasset" 387
"../../../../../../lionel/Documents/GitHub/UnrealProjects/ToonTanks/Content/StarterContent/Textures/T_CobbleStone_Pebble_N.uasset" 388
"../../../../../../lionel/Documents/GitHub/UnrealProjects/ToonTanks/Content/StarterContent/Materials/M_CobbleStone_Pebble.uasset" 389
"../../../../../../lionel/Documents/GitHub/UnrealProjects/ToonTanks/Content/StarterContent/Textures/T_CobbleStone_Rough_D.uasset" 390
"../../../../../../lionel/Documents/GitHub/UnrealProjects/ToonTanks/Content/StarterContent/Textures/T_CobbleStone_Rough_N.uasset" 391
"../../../../../../lionel/Documents/GitHub/UnrealProjects/ToonTanks/Content/StarterContent/Textures/T_Gradinet_01.uasset" 392
"../../../../../../lionel/Documents/GitHub/UnrealProjects/ToonTanks/Content/StarterContent/Textures/T_Rock_Smooth_Granite_D.uasset" 393
"../../../../../../lionel/Documents/GitHub/UnrealProjects/ToonTanks/Content/StarterContent/Materials/M_CobbleStone_Rough.uasset" 394
"../../../../../../lionel/Documents/GitHub/UnrealProjects/ToonTanks/Content/StarterContent/Textures/T_CobbleStone_Smooth_D.uasset" 395
"../../../../../../lionel/Documents/GitHub/UnrealProjects/ToonTanks/Content/StarterContent/Textures/T_CobbleStone_Smooth_M.uasset" 396
"../../../../../../lionel/Documents/GitHub/UnrealProjects/ToonTanks/Content/StarterContent/Textures/T_CobbleStone_Smooth_N.uasset" 397
"../../../../../../lionel/Documents/GitHub/UnrealProjects/ToonTanks/Content/StarterContent/Materials/M_CobbleStone_Smooth.uasset" 398
"../../../../../../lionel/Documents/GitHub/UnrealProjects/ToonTanks/Content/StarterContent/Textures/T_Concrete_Grime_D.uasset" 399
"../../../../../../lionel/Documents/GitHub/UnrealProjects/ToonTanks/Content/StarterContent/Textures/T_Metal_Rust_N.uasset" 400
"../../../../../../lionel/Documents/GitHub/UnrealProjects/ToonTanks/Content/StarterContent/Materials/M_Concrete_Grime.uasset" 401
"../../../../../../lionel/Documents/GitHub/UnrealProjects/ToonTanks/Content/StarterContent/Textures/T_Concrete_Panels_D.uasset" 402
"../../../../../../lionel/Documents/GitHub/UnrealProjects/ToonTanks/Content/StarterContent/Textures/T_Concrete_Panels_N.uasset" 403
"../../../../../../lionel/Documents/GitHub/UnrealProjects/ToonTanks/Content/StarterContent/Materials/M_Concrete_Panels.uasset" 404
"../../../../../../lionel/Documents/GitHub/UnrealProjects/ToonTanks/Content/StarterContent/Textures/T_Concrete_Poured_D.uasset" 405
"../../../../../../lionel/Documents/GitHub/UnrealProjects/ToonTanks/Content/StarterContent/Textures/T_Concrete_Poured_N.uasset" 406
"../../../../../../lionel/Documents/GitHub/UnrealProjects/ToonTanks/Content/StarterContent/Materials/M_Concrete_Poured.uasset" 407
"../../../../../../lionel/Documents/GitHub/UnrealProjects/ToonTanks/Content/StarterContent/Textures/T_Concrete_Tiles_D.uasset" 408
"../../../../../../lionel/Documents/GitHub/UnrealProjects/ToonTanks/Content/StarterContent/Textures/T_Concrete_Tiles_M.uasset" 409
"../../../../../../lionel/Documents/GitHub/UnrealProjects/ToonTanks/Content/StarterContent/Textures/T_Concrete_Tiles_N.uasset" 410
"../../../../../../lionel/Documents/GitHub/UnrealProjects/ToonTanks/Content/StarterContent/Textures/T_Concrete_Tiles_Variation_M.uasset" 411
"../../../../../../lionel/Documents/GitHub/UnrealProjects/ToonTanks/Content/StarterContent/Materials/M_Concrete_Tiles.uasset" 412
"../../../../../../lionel/Documents/GitHub/UnrealProjects/ToonTanks/Content/StarterContent/Textures/T_Ground_Grass_D.uasset" 413
"../../../../../../lionel/Documents/GitHub/UnrealProjects/ToonTanks/Content/StarterContent/Textures/T_Ground_Grass_N.uasset" 414
"../../../../../../lionel/Documents/GitHub/UnrealProjects/ToonTanks/Content/StarterContent/Materials/M_Ground_Grass.uasset" 415
"../../../../../../lionel/Documents/GitHub/UnrealProjects/ToonTanks/Content/StarterContent/Textures/T_Ground_Gravel_D.uasset" 416
"../../../../../../lionel/Documents/GitHub/UnrealProjects/ToonTanks/Content/StarterContent/Textures/T_Ground_Gravel_N.uasset" 417
"../../../../../../lionel/Documents/GitHub/UnrealProjects/ToonTanks/Content/StarterContent/Materials/M_Ground_Gravel.uasset" 418
"../../../../../../lionel/Documents/GitHub/UnrealProjects/ToonTanks/Content/StarterContent/Textures/T_ground_Moss_D.uasset" 419
"../../../../../../lionel/Documents/GitHub/UnrealProjects/ToonTanks/Content/StarterContent/Textures/T_Ground_Moss_N.uasset" 420
"../../../../../../lionel/Documents/GitHub/UnrealProjects/ToonTanks/Content/StarterContent/Materials/M_Ground_Moss.uasset" 421
"../../../../../../lionel/Documents/GitHub/UnrealProjects/ToonTanks/Content/StarterContent/Materials/M_Metal_Brushed_Nickel.uasset" 422
"../../../../../../lionel/Documents/GitHub/UnrealProjects/ToonTanks/Content/StarterContent/Textures/T_Metal_Aluminum_D.uasset" 423
"../../../../../../lionel/Documents/GitHub/UnrealProjects/ToonTanks/Content/StarterContent/Textures/T_Metal_Gold_N.uasset" 424
"../../../../../../lionel/Documents/GitHub/UnrealProjects/ToonTanks/Content/StarterContent/Materials/M_Metal_Burnished_Steel.uasset" 425
"../../../../../../lionel/Documents/GitHub/UnrealProjects/ToonTanks/Content/StarterContent/Materials/M_Metal_Chrome.uasset" 426
"../../../../../../lionel/Documents/GitHub/UnrealProjects/ToonTanks/Content/StarterContent/Textures/T_Metal_Copper_D.uasset" 427
"../../../../../../lionel/Documents/GitHub/UnrealProjects/ToonTanks/Content/StarterContent/Materials/M_Metal_Copper.uasset" 428
"../../../../../../lionel/Documents/GitHub/UnrealProjects/ToonTanks/Content/StarterContent/Textures/T_Metal_Gold_D.uasset" 429
"../../../../../../lionel/Documents/GitHub/UnrealProjects/ToonTanks/Content/StarterContent/Materials/M_Metal_Gold.uasset" 430
"../../../../../../lionel/Documents/GitHub/UnrealProjects/ToonTanks/Content/StarterContent/Textures/T_Metal_Rust_D.uasset" 431
"../../../../../../lionel/Documents/GitHub/UnrealProjects/ToonTanks/Content/StarterContent/Materials/M_Metal_Rust.uasset" 432
"../../../../../../lionel/Documents/GitHub/UnrealProjects/ToonTanks/Content/StarterContent/Textures/T_Metal_Steel_D.uasset" 433
"../../../../../../lionel/Documents/GitHub/UnrealProjects/ToonTanks/Content/StarterContent/Textures/T_Metal_Steel_N.uasset" 434
"../../../../../../lionel/Documents/GitHub/UnrealProjects/ToonTanks/Content/StarterContent/Materials/M_Metal_Steel.uasset" 435
"../../../../../../lionel/Documents/GitHub/UnrealProjects/ToonTanks/Content/StarterContent/Textures/T_Rock_Basalt_N.uasset" 436
"../../../../../../lionel/Documents/GitHub/UnrealProjects/ToonTanks/Content/StarterContent/Materials/M_Rock_Basalt.uasset" 437
"../../../../../../lionel/Documents/GitHub/UnrealProjects/ToonTanks/Content/StarterContent/Materials/M_Rock_Marble_Polished.uasset" 438
"../../../../../../lionel/Documents/GitHub/UnrealProjects/ToonTanks/Content/StarterContent/Textures/T_Rock_Sandstone_D.uasset" 439
"../../../../../../lionel/Documents/GitHub/UnrealProjects/ToonTanks/Content/StarterContent/Textures/T_Rock_Sandstone_N.uasset" 440
"../../../../../../lionel/Documents/GitHub/UnrealProjects/ToonTanks/Content/StarterContent/Materials/M_Rock_Sandstone.uasset" 441
"../../../../../../lionel/Documents/GitHub/UnrealProjects/ToonTanks/Content/StarterContent/Textures/T_Rock_Slate_D.uasset" 442
"../../../../../../lionel/Documents/GitHub/UnrealProjects/ToonTanks/Content/StarterContent/Textures/T_Rock_Slate_N.uasset" 443
"../../../../../../lionel/Documents/GitHub/UnrealProjects/ToonTanks/Content/StarterContent/Materials/M_Rock_Slate.uasset" 444
"../../../../../../lionel/Documents/GitHub/UnrealProjects/ToonTanks/Content/StarterContent/Textures/T_Checker_Noise_M.uasset" 445
"../../../../../../lionel/Documents/GitHub/UnrealProjects/ToonTanks/Content/StarterContent/Textures/T_Single_Tile_N.uasset" 446
"../../../../../../lionel/Documents/GitHub/UnrealProjects/ToonTanks/Content/StarterContent/Textures/T_Tech_Dot_M.uasset" 447
"../../../../../../lionel/Documents/GitHub/UnrealProjects/ToonTanks/Content/StarterContent/Textures/T_Tech_Dot_N.uasset" 448
"../../../../../../lionel/Documents/GitHub/UnrealProjects/ToonTanks/Content/StarterContent/Materials/M_Tech_Checker_Dot.uasset" 449
"../../../../../../lionel/Documents/GitHub/UnrealProjects/ToonTanks/Content/StarterContent/Textures/T_Tech_Hex_Tile_M.uasset" 450
"../../../../../../lionel/Documents/GitHub/UnrealProjects/ToonTanks/Content/StarterContent/Textures/T_Tech_Hex_Tile_N.uasset" 451
"../../../../../../lionel/Documents/GitHub/UnrealProjects/ToonTanks/Content/StarterContent/Materials/M_Tech_Hex_Tile.uasset" 452
"../../../../../../lionel/Documents/GitHub/UnrealProjects/ToonTanks/Content/StarterContent/Materials/M_Tech_Hex_Tile_Pulse.uasset" 453
"../../../../../../lionel/Documents/GitHub/UnrealProjects/ToonTanks/Content/StarterContent/Textures/T_Tech_Panel_M.uasset" 454
"../../../../../../lionel/Documents/GitHub/UnrealProjects/ToonTanks/Content/StarterContent/Textures/T_Tech_Panel_N.uasset" 455
"../../../../../../lionel/Documents/GitHub/UnrealProjects/ToonTanks/Content/StarterContent/Materials/M_Tech_Panel.uasset" 456
"../../../../../../lionel/Documents/GitHub/UnrealProjects/ToonTanks/Content/StarterContent/Materials/M_Water_Lake.uasset" 457
"../../../../../../lionel/Documents/GitHub/UnrealProjects/ToonTanks/Content/StarterContent/Textures/T_Water_M.uasset" 458
"../../../../../../lionel/Documents/GitHub/UnrealProjects/ToonTanks/Content/StarterContent/Materials/M_Water_Ocean.uasset" 459
"../../../../../../lionel/Documents/GitHub/UnrealProjects/ToonTanks/Content/StarterContent/Textures/T_Wood_Floor_Walnut_D.uasset" 460
"../../../../../../lionel/Documents/GitHub/UnrealProjects/ToonTanks/Content/StarterContent/Textures/T_Wood_Floor_Walnut_M.uasset" 461
"../../../../../../lionel/Documents/GitHub/UnrealProjects/ToonTanks/Content/StarterContent/Textures/T_Wood_Floor_Walnut_N.uasset" 462
"../../../../../../lionel/Documents/GitHub/UnrealProjects/ToonTanks/Content/StarterContent/Materials/M_Wood_Floor_Walnut_Polished.uasset" 463
"../../../Engine/Content/Functions/Engine_MaterialFunctions01/Opacity/AlphaOffset.uasset" 464
"../../../../../../lionel/Documents/GitHub/UnrealProjects/ToonTanks/Content/StarterContent/Materials/M_Wood_Floor_Walnut_Worn.uasset" 465
"../../../../../../lionel/Documents/GitHub/UnrealProjects/ToonTanks/Content/StarterContent/Textures/T_Wood_Oak_D.uasset" 466
"../../../../../../lionel/Documents/GitHub/UnrealProjects/ToonTanks/Content/StarterContent/Textures/T_Wood_Oak_N.uasset" 467
"../../../../../../lionel/Documents/GitHub/UnrealProjects/ToonTanks/Content/StarterContent/Materials/M_Wood_Oak.uasset" 468
"../../../../../../lionel/Documents/GitHub/UnrealProjects/ToonTanks/Content/StarterContent/Textures/T_Wood_Pine_D.uasset" 469
"../../../../../../lionel/Documents/GitHub/UnrealProjects/ToonTanks/Content/StarterContent/Textures/T_Wood_Pine_N.uasset" 470
"../../../../../../lionel/Documents/GitHub/UnrealProjects/ToonTanks/Content/StarterContent/Materials/M_Wood_Pine.uasset" 471
"../../../../../../lionel/Documents/GitHub/UnrealProjects/ToonTanks/Content/StarterContent/Textures/T_Wood_Walnut_D.uasset" 472
"../../../../../../lionel/Documents/GitHub/UnrealProjects/ToonTanks/Content/StarterContent/Textures/T_Wood_Walnut_N.uasset" 473
"../../../../../../lionel/Documents/GitHub/UnrealProjects/ToonTanks/Content/StarterContent/Materials/M_Wood_Walnut.uasset" 474
"../../../../../../lionel/Documents/GitHub/UnrealProjects/ToonTanks/Content/StarterContent/Architecture/Floor_400x400.uasset" 475
"../../../../../../lionel/Documents/GitHub/UnrealProjects/ToonTanks/Content/StarterContent/Architecture/Wall_400x200.uasset" 476
"../../../../../../lionel/Documents/GitHub/UnrealProjects/ToonTanks/Content/StarterContent/Architecture/Wall_Door_400x300.uasset" 477
"../../../../../../lionel/Documents/GitHub/UnrealProjects/ToonTanks/Content/StarterContent/Architecture/Wall_Window_400x300.uasset" 478
"../../../../../../lionel/Documents/GitHub/UnrealProjects/ToonTanks/Content/StarterContent/Audio/Collapse_Cue.uasset" 479
"../../../../../../lionel/Documents/GitHub/UnrealProjects/ToonTanks/Content/StarterContent/Audio/Starter_Background_Cue.uasset" 480
"../../../../../../lionel/Documents/GitHub/UnrealProjects/ToonTanks/Content/StarterContent/Audio/Starter_Music_Cue.uasset" 481
"../../../../../../lionel/Documents/GitHub/UnrealProjects/ToonTanks/Content/StarterContent/Textures/T_Dust_Particle_D.uasset" 482
"../../../../../../lionel/Documents/GitHub/UnrealProjects/ToonTanks/Content/StarterContent/Particles/Materials/M_Dust_Particle.uasset" 483
"../../../../../../lionel/Documents/GitHub/UnrealProjects/ToonTanks/Content/StarterContent/Particles/P_Ambient_Dust.uasset" 484
"../../../../../../lionel/Documents/GitHub/UnrealProjects/ToonTanks/Content/StarterContent/Props/MaterialSphere.uasset" 485
"../../../../../../lionel/Documents/GitHub/UnrealProjects/ToonTanks/Content/StarterContent/Props/SM_Chair.uasset" 486
"../../../../../../lionel/Documents/GitHub/UnrealProjects/ToonTanks/Content/StarterContent/Textures/T_Frame_M.uasset" 487
"../../../../../../lionel/Documents/GitHub/UnrealProjects/ToonTanks/Content/StarterContent/Textures/T_Frame_N.uasset" 488
"../../../../../../lionel/Documents/GitHub/UnrealProjects/ToonTanks/Content/StarterContent/Props/Materials/M_Frame.uasset" 489
"../../../../../../lionel/Documents/GitHub/UnrealProjects/ToonTanks/Content/StarterContent/Props/SM_CornerFrame.uasset" 490
"../../../../../../lionel/Documents/GitHub/UnrealProjects/ToonTanks/Content/StarterContent/Props/SM_DoorFrame.uasset" 491
"../../../../../../lionel/Documents/GitHub/UnrealProjects/ToonTanks/Content/StarterContent/Props/SM_GlassWindow.uasset" 492
"../../../../../../lionel/Documents/GitHub/UnrealProjects/ToonTanks/Content/StarterContent/Props/SM_PillarFrame.uasset" 493
"../../../../../../lionel/Documents/GitHub/UnrealProjects/ToonTanks/Content/StarterContent/Props/SM_PillarFrame300.uasset" 494
"../../../../../../lionel/Documents/GitHub/UnrealProjects/ToonTanks/Content/StarterContent/Textures/T_Statue_M.uasset" 495
"../../../../../../lionel/Documents/GitHub/UnrealProjects/ToonTanks/Content/StarterContent/Textures/T_Statue_N.uasset" 496
"../../../../../../lionel/Documents/GitHub/UnrealProjects/ToonTanks/Content/StarterContent/Props/Materials/M_Statue.uasset" 497
"../../../../../../lionel/Documents/GitHub/UnrealProjects/ToonTanks/Content/StarterContent/Props/Materials/M_StatueGlass.uasset" 498
"../../../../../../lionel/Documents/GitHub/UnrealProjects/ToonTanks/Content/StarterContent/Props/SM_Statue.uasset" 499
"../../../../../../lionel/Documents/GitHub/UnrealProjects/ToonTanks/Content/StarterContent/Textures/T_TableRound_M.uasset" 500
"../../../../../../lionel/Documents/GitHub/UnrealProjects/ToonTanks/Content/StarterContent/Textures/T_TableRound_N.uasset" 501
"../../../../../../lionel/Documents/GitHub/UnrealProjects/ToonTanks/Content/StarterContent/Props/Materials/M_TableRound.uasset" 502
"../../../../../../lionel/Documents/GitHub/UnrealProjects/ToonTanks/Content/StarterContent/Props/SM_TableRound.uasset" 503
"../../../../../../lionel/Documents/GitHub/UnrealProjects/ToonTanks/Content/StarterContent/Props/SM_WindowFrame.uasset" 504
"../../../../../../lionel/Documents/GitHub/UnrealProjects/ToonTanks/Content/StarterContent/Shapes/Shape_Cube.uasset" 505
"../../../../../../lionel/Documents/GitHub/UnrealProjects/ToonTanks/Content/StarterContent/Shapes/Shape_QuadPyramid.uasset" 506
"../../../../../../lionel/Documents/GitHub/UnrealProjects/ToonTanks/Content/StarterContent/Shapes/Shape_Sphere.uasset" 507
"../../../../../../lionel/Documents/GitHub/UnrealProjects/ToonTanks/Content/StarterContent/Maps/StarterMap.umap" 508
"../../../../../../lionel/Documents/GitHub/UnrealProjects/ToonTanks/Content/StarterContent/Maps/Minimal_Default_BuiltData.uasset" 509
"../../../../../../lionel/Documents/GitHub/UnrealProjects/ToonTanks/Content/StarterContent/Maps/Minimal_Default.umap" 510
"../../../Engine/Content/Maps/Entry_BuiltData.uasset" 511
"../../../Engine/Content/Maps/Entry.umap" 512
